{"name":"SequelizeConnectionError","parent":{"name":"error","length":104,"severity":"FATAL","code":"28P01","file":"auth.c","line":"336","routine":"auth_failed"},"original":{"name":"error","length":104,"severity":"FATAL","code":"28P01","file":"auth.c","line":"336","routine":"auth_failed"},"level":"error","message":"Unable to connect to the database gh_billy on undefined:6543 as gh_billy: password authentication failed for user \"gh_billy\"","stack":"SequelizeConnectionError: password authentication failed for user \"gh_billy\"\n    at connection.connect.err (/Users/ikardanov/Desktop/billy-github/node_modules/sequelize/lib/dialects/postgres/connection-manager.js:182:24)\n    at Connection.connectingErrorHandler (/Users/ikardanov/Desktop/billy-github/node_modules/pg/lib/client.js:194:14)\n    at Connection.emit (events.js:193:13)\n    at Socket.<anonymous> (/Users/ikardanov/Desktop/billy-github/node_modules/pg/lib/connection.js:134:12)\n    at Socket.emit (events.js:193:13)\n    at addChunk (_stream_readable.js:295:12)\n    at readableAddChunk (_stream_readable.js:276:11)\n    at Socket.Readable.push (_stream_readable.js:231:10)\n    at TCP.onStreamRead (internal/stream_base_commons.js:154:17)","timestamp":"2020-05-22T19:47:41.514Z"}
{"name":"SequelizeConnectionError","parent":{"name":"error","length":104,"severity":"FATAL","code":"28P01","file":"auth.c","line":"336","routine":"auth_failed"},"original":{"name":"error","length":104,"severity":"FATAL","code":"28P01","file":"auth.c","line":"336","routine":"auth_failed"},"level":"error","message":"Error during sequelize sync:password authentication failed for user \"gh_billy\"","stack":"SequelizeConnectionError: password authentication failed for user \"gh_billy\"\n    at connection.connect.err (/Users/ikardanov/Desktop/billy-github/node_modules/sequelize/lib/dialects/postgres/connection-manager.js:182:24)\n    at Connection.connectingErrorHandler (/Users/ikardanov/Desktop/billy-github/node_modules/pg/lib/client.js:194:14)\n    at Connection.emit (events.js:193:13)\n    at Socket.<anonymous> (/Users/ikardanov/Desktop/billy-github/node_modules/pg/lib/connection.js:134:12)\n    at Socket.emit (events.js:193:13)\n    at addChunk (_stream_readable.js:295:12)\n    at readableAddChunk (_stream_readable.js:276:11)\n    at Socket.Readable.push (_stream_readable.js:231:10)\n    at TCP.onStreamRead (internal/stream_base_commons.js:154:17)","timestamp":"2020-05-22T19:47:41.514Z"}
{"name":"SequelizeConnectionError","parent":{"name":"error","length":104,"severity":"FATAL","code":"28P01","file":"auth.c","line":"336","routine":"auth_failed"},"original":{"name":"error","length":104,"severity":"FATAL","code":"28P01","file":"auth.c","line":"336","routine":"auth_failed"},"level":"error","message":"Unable to connect to the database billy on undefined:6543 as gh_billy: password authentication failed for user \"gh_billy\"","stack":"SequelizeConnectionError: password authentication failed for user \"gh_billy\"\n    at connection.connect.err (/Users/ikardanov/Desktop/billy-github/node_modules/sequelize/lib/dialects/postgres/connection-manager.js:182:24)\n    at Connection.connectingErrorHandler (/Users/ikardanov/Desktop/billy-github/node_modules/pg/lib/client.js:194:14)\n    at Connection.emit (events.js:193:13)\n    at Socket.<anonymous> (/Users/ikardanov/Desktop/billy-github/node_modules/pg/lib/connection.js:134:12)\n    at Socket.emit (events.js:193:13)\n    at addChunk (_stream_readable.js:295:12)\n    at readableAddChunk (_stream_readable.js:276:11)\n    at Socket.Readable.push (_stream_readable.js:231:10)\n    at TCP.onStreamRead (internal/stream_base_commons.js:154:17)","timestamp":"2020-05-22T19:48:13.573Z"}
{"name":"SequelizeConnectionError","parent":{"name":"error","length":104,"severity":"FATAL","code":"28P01","file":"auth.c","line":"336","routine":"auth_failed"},"original":{"name":"error","length":104,"severity":"FATAL","code":"28P01","file":"auth.c","line":"336","routine":"auth_failed"},"level":"error","message":"Error during sequelize sync:password authentication failed for user \"gh_billy\"","stack":"SequelizeConnectionError: password authentication failed for user \"gh_billy\"\n    at connection.connect.err (/Users/ikardanov/Desktop/billy-github/node_modules/sequelize/lib/dialects/postgres/connection-manager.js:182:24)\n    at Connection.connectingErrorHandler (/Users/ikardanov/Desktop/billy-github/node_modules/pg/lib/client.js:194:14)\n    at Connection.emit (events.js:193:13)\n    at Socket.<anonymous> (/Users/ikardanov/Desktop/billy-github/node_modules/pg/lib/connection.js:134:12)\n    at Socket.emit (events.js:193:13)\n    at addChunk (_stream_readable.js:295:12)\n    at readableAddChunk (_stream_readable.js:276:11)\n    at Socket.Readable.push (_stream_readable.js:231:10)\n    at TCP.onStreamRead (internal/stream_base_commons.js:154:17)","timestamp":"2020-05-22T19:48:13.574Z"}
{"message":"App is running at http://localhost:9716 in development mode","level":"info","timestamp":"2020-05-24T12:24:19.466Z"}
{"message":"Press CTRL-C to stop\n","level":"info","timestamp":"2020-05-24T12:24:19.466Z"}
{"message":"App is running at http://localhost:9716 in development mode","level":"info","timestamp":"2020-05-24T13:19:57.684Z"}
{"message":"Press CTRL-C to stop\n","level":"info","timestamp":"2020-05-24T13:19:57.684Z"}
{"message":"App is running at http://localhost:9716 in development mode","level":"info","timestamp":"2020-05-24T13:29:40.615Z"}
{"message":"Press CTRL-C to stop\n","level":"info","timestamp":"2020-05-24T13:29:40.615Z"}
{"message":"App is running at http://localhost:9716 in development mode","level":"info","timestamp":"2020-05-24T13:30:21.921Z"}
{"message":"Press CTRL-C to stop\n","level":"info","timestamp":"2020-05-24T13:30:21.922Z"}
{"message":"App is running at http://localhost:9716 in development mode","level":"info","timestamp":"2020-05-24T13:45:10.412Z"}
{"message":"Press CTRL-C to stop\n","level":"info","timestamp":"2020-05-24T13:45:10.412Z"}
{"message":"App is running at http://localhost:9716 in development mode","level":"info","timestamp":"2020-05-24T13:55:23.982Z"}
{"message":"Press CTRL-C to stop\n","level":"info","timestamp":"2020-05-24T13:55:23.983Z"}
{"message":"App is running at http://localhost:9716 in development mode","level":"info","timestamp":"2020-05-24T13:55:46.721Z"}
{"message":"Press CTRL-C to stop\n","level":"info","timestamp":"2020-05-24T13:55:46.722Z"}
{"message":"App is running at http://localhost:9716 in development mode","level":"info","timestamp":"2020-05-24T13:56:23.529Z"}
{"message":"Press CTRL-C to stop\n","level":"info","timestamp":"2020-05-24T13:56:23.529Z"}
{"message":"App is running at http://localhost:9716 in development mode","level":"info","timestamp":"2020-05-24T13:56:41.050Z"}
{"message":"Press CTRL-C to stop\n","level":"info","timestamp":"2020-05-24T13:56:41.050Z"}
{"message":"App is running at http://localhost:9716 in development mode","level":"info","timestamp":"2020-05-24T13:58:06.325Z"}
{"message":"Press CTRL-C to stop\n","level":"info","timestamp":"2020-05-24T13:58:06.326Z"}
{"message":"App is running at http://localhost:9716 in development mode","level":"info","timestamp":"2020-05-24T13:58:16.475Z"}
{"message":"Press CTRL-C to stop\n","level":"info","timestamp":"2020-05-24T13:58:16.475Z"}
{"message":"App is running at http://localhost:9716 in development mode","level":"info","timestamp":"2020-05-24T16:14:25.621Z"}
{"message":"Press CTRL-C to stop\n","level":"info","timestamp":"2020-05-24T16:14:25.621Z"}
{"message":"App is running at http://localhost:9716 in development mode","level":"info","timestamp":"2020-05-24T16:18:00.889Z"}
{"message":"Press CTRL-C to stop\n","level":"info","timestamp":"2020-05-24T16:18:00.890Z"}
{"message":"App is running at http://localhost:9716 in development mode","level":"info","timestamp":"2020-05-24T16:22:38.154Z"}
{"message":"Press CTRL-C to stop\n","level":"info","timestamp":"2020-05-24T16:22:38.154Z"}
{"message":"App is running at http://localhost:9716 in development mode","level":"info","timestamp":"2020-05-24T16:24:06.352Z"}
{"message":"Press CTRL-C to stop\n","level":"info","timestamp":"2020-05-24T16:24:06.352Z"}
{"message":"App is running at http://localhost:9716 in development mode","level":"info","timestamp":"2020-05-24T16:29:47.398Z"}
{"message":"Press CTRL-C to stop\n","level":"info","timestamp":"2020-05-24T16:29:47.399Z"}
{"message":"App is running at http://localhost:9716 in development mode","level":"info","timestamp":"2020-05-24T16:31:18.332Z"}
{"message":"Press CTRL-C to stop\n","level":"info","timestamp":"2020-05-24T16:31:18.332Z"}
{"message":"App is running at http://localhost:9716 in development mode","level":"info","timestamp":"2020-05-24T16:32:56.822Z"}
{"message":"Press CTRL-C to stop\n","level":"info","timestamp":"2020-05-24T16:32:56.823Z"}
